{"C:\\Users\\giuan\\OneDrive\\Área de Trabalho\\Unit_Test\\react_typescriprt_unit_test\\src\\components\\List.tsx": {"path":"C:\\Users\\giuan\\OneDrive\\Área de Trabalho\\Unit_Test\\react_typescriprt_unit_test\\src\\components\\List.tsx","all":false,"statementMap":{"0":{"start":{"line":1,"column":0},"end":{"line":1,"column":32}},"1":{"start":{"line":2,"column":0},"end":{"line":2,"column":0}},"2":{"start":{"line":3,"column":0},"end":{"line":3,"column":18}},"3":{"start":{"line":4,"column":0},"end":{"line":4,"column":24}},"4":{"start":{"line":5,"column":0},"end":{"line":5,"column":1}},"5":{"start":{"line":6,"column":0},"end":{"line":6,"column":0}},"6":{"start":{"line":7,"column":0},"end":{"line":7,"column":42}},"7":{"start":{"line":8,"column":0},"end":{"line":8,"column":48}},"8":{"start":{"line":9,"column":0},"end":{"line":9,"column":46}},"9":{"start":{"line":10,"column":0},"end":{"line":10,"column":0}},"10":{"start":{"line":11,"column":0},"end":{"line":11,"column":23}},"11":{"start":{"line":12,"column":0},"end":{"line":12,"column":23}},"12":{"start":{"line":13,"column":0},"end":{"line":13,"column":22}},"13":{"start":{"line":14,"column":0},"end":{"line":14,"column":44}},"14":{"start":{"line":15,"column":0},"end":{"line":15,"column":22}},"15":{"start":{"line":16,"column":0},"end":{"line":16,"column":12}},"16":{"start":{"line":17,"column":0},"end":{"line":17,"column":3}},"17":{"start":{"line":18,"column":0},"end":{"line":18,"column":0}},"18":{"start":{"line":19,"column":0},"end":{"line":19,"column":35}},"19":{"start":{"line":20,"column":0},"end":{"line":20,"column":22}},"20":{"start":{"line":21,"column":0},"end":{"line":21,"column":53}},"21":{"start":{"line":22,"column":0},"end":{"line":22,"column":12}},"22":{"start":{"line":23,"column":0},"end":{"line":23,"column":3}},"23":{"start":{"line":24,"column":0},"end":{"line":24,"column":0}},"24":{"start":{"line":25,"column":0},"end":{"line":25,"column":10}},"25":{"start":{"line":26,"column":0},"end":{"line":26,"column":6}},"26":{"start":{"line":27,"column":0},"end":{"line":27,"column":36}},"27":{"start":{"line":28,"column":0},"end":{"line":28,"column":13}},"28":{"start":{"line":29,"column":0},"end":{"line":29,"column":33}},"29":{"start":{"line":30,"column":0},"end":{"line":30,"column":26}},"30":{"start":{"line":31,"column":0},"end":{"line":31,"column":130}},"31":{"start":{"line":32,"column":0},"end":{"line":32,"column":16}},"32":{"start":{"line":33,"column":0},"end":{"line":33,"column":59}},"33":{"start":{"line":34,"column":0},"end":{"line":34,"column":13}},"34":{"start":{"line":35,"column":0},"end":{"line":35,"column":10}},"35":{"start":{"line":36,"column":0},"end":{"line":36,"column":25}},"36":{"start":{"line":37,"column":0},"end":{"line":37,"column":25}},"37":{"start":{"line":38,"column":0},"end":{"line":38,"column":18}},"38":{"start":{"line":39,"column":0},"end":{"line":39,"column":62}},"39":{"start":{"line":40,"column":0},"end":{"line":40,"column":15}},"40":{"start":{"line":41,"column":0},"end":{"line":41,"column":10}},"41":{"start":{"line":42,"column":0},"end":{"line":42,"column":11}},"42":{"start":{"line":43,"column":0},"end":{"line":43,"column":7}},"43":{"start":{"line":44,"column":0},"end":{"line":44,"column":3}},"44":{"start":{"line":45,"column":0},"end":{"line":45,"column":1}},"45":{"start":{"line":46,"column":0},"end":{"line":46,"column":0}},"46":{"start":{"line":47,"column":0},"end":{"line":47,"column":19}}},"s":{"0":1,"1":1,"2":1,"3":1,"4":1,"5":1,"6":10,"7":10,"8":10,"9":10,"10":10,"11":1,"12":1,"13":1,"14":1,"15":1,"16":1,"17":10,"18":10,"19":1,"20":1,"21":1,"22":1,"23":10,"24":10,"25":10,"26":10,"27":10,"28":10,"29":10,"30":10,"31":10,"32":10,"33":10,"34":10,"35":10,"36":5,"37":10,"38":10,"39":10,"40":10,"41":10,"42":10,"43":10,"44":10,"45":1,"46":1},"branchMap":{"0":{"type":"branch","line":7,"loc":{"start":{"line":7,"column":0},"end":{"line":45,"column":1}},"locations":[{"start":{"line":7,"column":0},"end":{"line":45,"column":1}}]},"1":{"type":"branch","line":11,"loc":{"start":{"line":11,"column":16},"end":{"line":17,"column":3}},"locations":[{"start":{"line":11,"column":16},"end":{"line":17,"column":3}}]},"2":{"type":"branch","line":13,"loc":{"start":{"line":13,"column":15},"end":{"line":16,"column":7}},"locations":[{"start":{"line":13,"column":15},"end":{"line":16,"column":7}}]},"3":{"type":"branch","line":14,"loc":{"start":{"line":14,"column":14},"end":{"line":14,"column":44}},"locations":[{"start":{"line":14,"column":14},"end":{"line":14,"column":44}}]},"4":{"type":"branch","line":19,"loc":{"start":{"line":19,"column":17},"end":{"line":23,"column":3}},"locations":[{"start":{"line":19,"column":17},"end":{"line":23,"column":3}}]},"5":{"type":"branch","line":20,"loc":{"start":{"line":20,"column":15},"end":{"line":22,"column":7}},"locations":[{"start":{"line":20,"column":15},"end":{"line":22,"column":7}}]},"6":{"type":"branch","line":21,"loc":{"start":{"line":21,"column":14},"end":{"line":21,"column":53}},"locations":[{"start":{"line":21,"column":14},"end":{"line":21,"column":53}}]},"7":{"type":"branch","line":21,"loc":{"start":{"line":21,"column":36},"end":{"line":21,"column":53}},"locations":[{"start":{"line":21,"column":36},"end":{"line":21,"column":53}}]},"8":{"type":"branch","line":31,"loc":{"start":{"line":31,"column":78},"end":{"line":31,"column":112}},"locations":[{"start":{"line":31,"column":78},"end":{"line":31,"column":112}}]},"9":{"type":"branch","line":36,"loc":{"start":{"line":36,"column":18},"end":{"line":37,"column":25}},"locations":[{"start":{"line":36,"column":18},"end":{"line":37,"column":25}}]},"10":{"type":"branch","line":39,"loc":{"start":{"line":39,"column":29},"end":{"line":39,"column":50}},"locations":[{"start":{"line":39,"column":29},"end":{"line":39,"column":50}}]}},"b":{"0":[10],"1":[1],"2":[1],"3":[1],"4":[1],"5":[1],"6":[1],"7":[1],"8":[4],"9":[5],"10":[1]},"fnMap":{"0":{"name":"List","decl":{"start":{"line":7,"column":0},"end":{"line":45,"column":1}},"loc":{"start":{"line":7,"column":0},"end":{"line":45,"column":1}},"line":7},"1":{"name":"send2","decl":{"start":{"line":11,"column":16},"end":{"line":17,"column":3}},"loc":{"start":{"line":11,"column":16},"end":{"line":17,"column":3}},"line":11},"2":{"name":"remove","decl":{"start":{"line":19,"column":17},"end":{"line":23,"column":3}},"loc":{"start":{"line":19,"column":17},"end":{"line":23,"column":3}},"line":19},"3":{"name":"onChange","decl":{"start":{"line":31,"column":78},"end":{"line":31,"column":112}},"loc":{"start":{"line":31,"column":78},"end":{"line":31,"column":112}},"line":31},"4":{"name":"onClick","decl":{"start":{"line":39,"column":29},"end":{"line":39,"column":50}},"loc":{"start":{"line":39,"column":29},"end":{"line":39,"column":50}},"line":39}},"f":{"0":10,"1":1,"2":1,"3":4,"4":1}}
}
