TN:
SF:src\components\List.tsx
FN:7,List
FN:11,send2
FN:19,remove
FN:31,onChange
FN:39,onClick
FNF:5
FNH:5
FNDA:10,List
FNDA:1,send2
FNDA:1,remove
FNDA:4,onChange
FNDA:1,onClick
DA:1,1
DA:2,1
DA:3,1
DA:4,1
DA:5,1
DA:6,1
DA:7,10
DA:8,10
DA:9,10
DA:10,10
DA:11,10
DA:12,1
DA:13,1
DA:14,1
DA:15,1
DA:16,1
DA:17,1
DA:18,10
DA:19,10
DA:20,1
DA:21,1
DA:22,1
DA:23,1
DA:24,10
DA:25,10
DA:26,10
DA:27,10
DA:28,10
DA:29,10
DA:30,10
DA:31,10
DA:32,10
DA:33,10
DA:34,10
DA:35,10
DA:36,10
DA:37,5
DA:38,10
DA:39,10
DA:40,10
DA:41,10
DA:42,10
DA:43,10
DA:44,10
DA:45,10
DA:46,1
DA:47,1
LF:47
LH:47
BRDA:7,0,0,10
BRDA:11,1,0,1
BRDA:13,2,0,1
BRDA:14,3,0,1
BRDA:19,4,0,1
BRDA:20,5,0,1
BRDA:21,6,0,1
BRDA:21,7,0,1
BRDA:31,8,0,4
BRDA:36,9,0,5
BRDA:39,10,0,1
BRF:11
BRH:11
end_of_record
